<?xml version="1.0" encoding="UTF-8"?>
<testsuite name="com.fisagrp.example.railway_track_management.RailwayTrackManagementApplicationTests" tests="1" skipped="0" failures="0" errors="0" timestamp="2024-05-07T17:20:04" hostname="LAPTOP-U63AC1LT" time="0.771">
  <properties/>
  <testcase name="contextLoads()" classname="com.fisagrp.example.railway_track_management.RailwayTrackManagementApplicationTests" time="0.771"/>
  <system-out><![CDATA[12:19:59.684 [Test worker] INFO org.springframework.test.context.support.AnnotationConfigContextLoaderUtils -- Could not detect default configuration classes for test class [com.fisagrp.example.railway_track_management.RailwayTrackManagementApplicationTests]: RailwayTrackManagementApplicationTests does not declare any static, non-private, non-final, nested classes annotated with @Configuration.
12:19:59.902 [Test worker] INFO org.springframework.boot.test.context.SpringBootTestContextBootstrapper -- Found @SpringBootConfiguration com.fisagrp.example.railway_track_management.RailwayTrackManagementApplication for test class com.fisagrp.example.railway_track_management.RailwayTrackManagementApplicationTests

  .   ____          _            __ _ _
 /\\ / ___'_ __ _ _(_)_ __  __ _ \ \ \ \
( ( )\___ | '_ | '_| | '_ \/ _` | \ \ \ \
 \\/  ___)| |_)| | | | | || (_| |  ) ) ) )
  '  |____| .__|_| |_|_| |_\__, | / / / /
 =========|_|==============|___/=/_/_/_/
 :: Spring Boot ::                (v3.2.5)

2024-05-07T12:20:00.737-05:00  INFO 25984 --- [railway_track_management] [    Test worker] r.RailwayTrackManagementApplicationTests : Starting RailwayTrackManagementApplicationTests using Java 19.0.2 with PID 25984 (started by Ruben Martínez in C:\Users\ruben\Desktop\desarrollo\BIGGLEAMNEW\railway_track_management)
2024-05-07T12:20:00.740-05:00  INFO 25984 --- [railway_track_management] [    Test worker] r.RailwayTrackManagementApplicationTests : No active profile set, falling back to 1 default profile: "default"
2024-05-07T12:20:04.304-05:00  INFO 25984 --- [railway_track_management] [    Test worker] o.s.b.a.e.web.EndpointLinksResolver      : Exposing 1 endpoint(s) beneath base path '/actuator'
2024-05-07T12:20:04.375-05:00  INFO 25984 --- [railway_track_management] [    Test worker] r.RailwayTrackManagementApplicationTests : Started RailwayTrackManagementApplicationTests in 4.121 seconds (process running for 6.956)
]]></system-out>
  <system-err><![CDATA[]]></system-err>
</testsuite>
