<?xml version="1.0" encoding="UTF-8"?>
<testsuite name="com.fisagrp.example.railway_track_management.controllers.RailWayControllerTest" tests="2" skipped="0" failures="0" errors="0" timestamp="2024-05-07T17:20:05" hostname="LAPTOP-U63AC1LT" time="0.424">
  <properties/>
  <testcase name="manageRoadsWithoutGraph()" classname="com.fisagrp.example.railway_track_management.controllers.RailWayControllerTest" time="0.304"/>
  <testcase name="manageRoads()" classname="com.fisagrp.example.railway_track_management.controllers.RailWayControllerTest" time="0.119"/>
  <system-out><![CDATA[2024-05-07T12:20:05.267-05:00  INFO 25984 --- [railway_track_management] [    Test worker] t.c.s.AnnotationConfigContextLoaderUtils : Could not detect default configuration classes for test class [com.fisagrp.example.railway_track_management.controllers.RailWayControllerTest]: RailWayControllerTest does not declare any static, non-private, non-final, nested classes annotated with @Configuration.
2024-05-07T12:20:05.295-05:00  INFO 25984 --- [railway_track_management] [    Test worker] .b.t.c.SpringBootTestContextBootstrapper : Found @SpringBootConfiguration com.fisagrp.example.railway_track_management.RailwayTrackManagementApplication for test class com.fisagrp.example.railway_track_management.controllers.RailWayControllerTest

  .   ____          _            __ _ _
 /\\ / ___'_ __ _ _(_)_ __  __ _ \ \ \ \
( ( )\___ | '_ | '_| | '_ \/ _` | \ \ \ \
 \\/  ___)| |_)| | | | | || (_| |  ) ) ) )
  '  |____| .__|_| |_|_| |_\__, | / / / /
 =========|_|==============|___/=/_/_/_/
 :: Spring Boot ::                (v3.2.5)

2024-05-07T12:20:05.324-05:00  INFO 25984 --- [railway_track_management] [    Test worker] c.f.e.r.c.RailWayControllerTest          : Starting RailWayControllerTest using Java 19.0.2 with PID 25984 (started by Ruben Martínez in C:\Users\ruben\Desktop\desarrollo\BIGGLEAMNEW\railway_track_management)
2024-05-07T12:20:05.324-05:00  INFO 25984 --- [railway_track_management] [    Test worker] c.f.e.r.c.RailWayControllerTest          : No active profile set, falling back to 1 default profile: "default"
2024-05-07T12:20:05.842-05:00  INFO 25984 --- [railway_track_management] [    Test worker] o.s.b.t.m.w.SpringBootMockServletContext : Initializing Spring TestDispatcherServlet ''
2024-05-07T12:20:05.843-05:00  INFO 25984 --- [railway_track_management] [    Test worker] o.s.t.web.servlet.TestDispatcherServlet  : Initializing Servlet ''
2024-05-07T12:20:05.844-05:00  INFO 25984 --- [railway_track_management] [    Test worker] o.s.t.web.servlet.TestDispatcherServlet  : Completed initialization in 1 ms
2024-05-07T12:20:05.853-05:00  INFO 25984 --- [railway_track_management] [    Test worker] c.f.e.r.c.RailWayControllerTest          : Started RailWayControllerTest in 0.555 seconds (process running for 8.435)
2024-05-07T12:20:06.147-05:00  WARN 25984 --- [railway_track_management] [    Test worker] .w.s.m.s.DefaultHandlerExceptionResolver : Resolved [org.springframework.web.bind.MethodArgumentNotValidException: Validation failed for argument [0] in public org.springframework.http.ResponseEntity<com.fisagrp.example.railway_track_management.dto.responses.RailWayTrackManagementResponse> com.fisagrp.example.railway_track_management.controllers.RailWayController.manageRoads(com.fisagrp.example.railway_track_management.dto.requests.GraphCityRequest): [Field error in object 'graphCityRequest' on field 'graph': rejected value [null]; codes [NotEmpty.graphCityRequest.graph,NotEmpty.graph,NotEmpty.java.lang.String,NotEmpty]; arguments [org.springframework.context.support.DefaultMessageSourceResolvable: codes [graphCityRequest.graph,graph]; arguments []; default message [graph]]; default message [The field graph is required.]] ]
]]></system-out>
  <system-err><![CDATA[]]></system-err>
</testsuite>
